<?xml version="1.0" encoding="UTF-8"?>
<!-- Generated by org.testng.reporters.JUnitXMLReporter -->
<testsuite hostname="Windows10-PC" ignored="1" name="Test(failed)(failed)(failed)" tests="1" failures="1" timestamp="2022-01-21T14:10:58 IST" time="29.251" errors="0">
  <testcase name="LogoPageloginTest" time="10.546" classname="com.livetest.LoginPageTest">
    <failure type="java.lang.AssertionError" message="expected [ Guru99 Bank Manager HomePage ] but found [Guru99 Bank Manager HomePage]">
      <![CDATA[java.lang.AssertionError: expected [ Guru99 Bank Manager HomePage ] but found [Guru99 Bank Manager HomePage]
at com.livetest.LoginPageTest.LogoPageloginTest(LoginPageTest.java:40)
at java.util.ArrayList.forEach(Unknown Source)
... Removed 33 stack frames]]>
    </failure>
  </testcase> <!-- LogoPageloginTest -->
  <testcase name="LogoPagelogoTest" time="0.0" classname="com.livetest.LoginPageTest">
    <ignored/>
  </testcase> <!-- LogoPagelogoTest -->
</testsuite> <!-- Test(failed)(failed)(failed) -->
