<html>
<head>
<title>TestNG:  Test</title>
<link href="../testng.css" rel="stylesheet" type="text/css" />
<link href="../my-testng.css" rel="stylesheet" type="text/css" />

<style type="text/css">
.log { display: none;} 
.stack-trace { display: none;} 
</style>
<script type="text/javascript">
<!--
function flip(e) {
  current = e.style.display;
  if (current == 'block') {
    e.style.display = 'none';
    return 0;
  }
  else {
    e.style.display = 'block';
    return 1;
  }
}

function toggleBox(szDivId, elem, msg1, msg2)
{
  var res = -1;  if (document.getElementById) {
    res = flip(document.getElementById(szDivId));
  }
  else if (document.all) {
    // this is the way old msie versions work
    res = flip(document.all[szDivId]);
  }
  if(elem) {
    if(res == 0) elem.innerHTML = msg1; else elem.innerHTML = msg2;
  }

}

function toggleAllBoxes() {
  if (document.getElementsByTagName) {
    d = document.getElementsByTagName('div');
    for (i = 0; i < d.length; i++) {
      if (d[i].className == 'log') {
        flip(d[i]);
      }
    }
  }
}

// -->
</script>

</head>
<body>
<h2 align='center'>Test</h2><table border='1' align="center">
<tr>
<td>Tests passed/Failed/Skipped:</td><td>7/2/0</td>
</tr><tr>
<td>Started on:</td><td>Sat Jan 22 21:11:59 IST 2022</td>
</tr>
<tr><td>Total time:</td><td>93 seconds (93239 ms)</td>
</tr><tr>
<td>Included groups:</td><td></td>
</tr><tr>
<td>Excluded groups:</td><td></td>
</tr>
</table><p/>
<small><i>(Hover the method name to see the test class name)</i></small><p/>
<table width='100%' border='1' class='invocation-failed'>
<tr><td colspan='4' align='center'><b>FAILED TESTS</b></td></tr>
<tr><td><b>Test method</b></td>
<td width="30%"><b>Exception</b></td>
<td width="10%"><b>Time (seconds)</b></td>
<td><b>Instance</b></td>
</tr>
<tr>
<td title='com.livetest.LoginPageTest.LogoPageloginTest()'><b>LogoPageloginTest</b><br>Test class: com.livetest.LoginPageTest<br>Parameters: mngr381722, UmYgepY, Both correct</td>
<td><div><pre>java.lang.AssertionError: did not expect [Guru99 Bank Manager HomePage] but found [Guru99 Bank Manager HomePage]
	at com.livetest.LoginPageTest.LogoPageloginTest(LoginPageTest.java:72)
	at java.util.concurrent.ThreadPoolExecutor.runWorker(Unknown Source)
	at java.util.concurrent.ThreadPoolExecutor$Worker.run(Unknown Source)
	at java.lang.Thread.run(Unknown Source)
... Removed 17 stack frames</pre></div><a href='#' onClick='toggleBox("stack-trace14138896", this, "Click to show all stack frames", "Click to hide stack frames")'>Click to show all stack frames</a>
<div class='stack-trace' id='stack-trace14138896'><pre>java.lang.AssertionError: did not expect [Guru99 Bank Manager HomePage] but found [Guru99 Bank Manager HomePage]
	at org.testng.Assert.fail(Assert.java:99)
	at org.testng.Assert.failEquals(Assert.java:1041)
	at org.testng.Assert.assertNotEqualsImpl(Assert.java:147)
	at org.testng.Assert.assertNotEquals(Assert.java:1531)
	at org.testng.Assert.assertNotEquals(Assert.java:1535)
	at com.livetest.LoginPageTest.LogoPageloginTest(LoginPageTest.java:72)
	at sun.reflect.NativeMethodAccessorImpl.invoke0(Native Method)
	at sun.reflect.NativeMethodAccessorImpl.invoke(Unknown Source)
	at sun.reflect.DelegatingMethodAccessorImpl.invoke(Unknown Source)
	at java.lang.reflect.Method.invoke(Unknown Source)
	at org.testng.internal.MethodInvocationHelper.invokeMethod(MethodInvocationHelper.java:133)
	at org.testng.internal.TestInvoker.invokeMethod(TestInvoker.java:598)
	at org.testng.internal.TestInvoker.invokeTestMethod(TestInvoker.java:173)
	at org.testng.internal.MethodRunner.runInSequence(MethodRunner.java:46)
	at org.testng.internal.TestInvoker$MethodInvocationAgent.invoke(TestInvoker.java:824)
	at org.testng.internal.TestInvoker.invokeTestMethods(TestInvoker.java:146)
	at org.testng.internal.TestMethodWorker.invokeTestMethods(TestMethodWorker.java:146)
	at org.testng.internal.TestMethodWorker.run(TestMethodWorker.java:128)
	at java.util.concurrent.ThreadPoolExecutor.runWorker(Unknown Source)
	at java.util.concurrent.ThreadPoolExecutor$Worker.run(Unknown Source)
	at java.lang.Thread.run(Unknown Source)
</pre></div></td>
<td>10</td>
<td>com.livetest.LoginPageTest@1bf57b3</td></tr>
<tr>
<td title='com.livetest.LoginPageTest.LogoPagelogoTest()'><b>LogoPagelogoTest</b><br>Test class: com.livetest.LoginPageTest</td>
<td><div><pre>java.lang.AssertionError: expected [false] but found [true]
	at com.livetest.LoginPageTest.LogoPagelogoTest(LoginPageTest.java:57)
	at java.util.concurrent.ThreadPoolExecutor.runWorker(Unknown Source)
	at java.util.concurrent.ThreadPoolExecutor$Worker.run(Unknown Source)
	at java.lang.Thread.run(Unknown Source)
... Removed 16 stack frames</pre></div><a href='#' onClick='toggleBox("stack-trace16057166", this, "Click to show all stack frames", "Click to hide stack frames")'>Click to show all stack frames</a>
<div class='stack-trace' id='stack-trace16057166'><pre>java.lang.AssertionError: expected [false] but found [true]
	at org.testng.Assert.fail(Assert.java:99)
	at org.testng.Assert.failNotEquals(Assert.java:1037)
	at org.testng.Assert.assertFalse(Assert.java:67)
	at org.testng.Assert.assertFalse(Assert.java:77)
	at com.livetest.LoginPageTest.LogoPagelogoTest(LoginPageTest.java:57)
	at sun.reflect.NativeMethodAccessorImpl.invoke0(Native Method)
	at sun.reflect.NativeMethodAccessorImpl.invoke(Unknown Source)
	at sun.reflect.DelegatingMethodAccessorImpl.invoke(Unknown Source)
	at java.lang.reflect.Method.invoke(Unknown Source)
	at org.testng.internal.MethodInvocationHelper.invokeMethod(MethodInvocationHelper.java:133)
	at org.testng.internal.TestInvoker.invokeMethod(TestInvoker.java:598)
	at org.testng.internal.TestInvoker.invokeTestMethod(TestInvoker.java:173)
	at org.testng.internal.MethodRunner.runInSequence(MethodRunner.java:46)
	at org.testng.internal.TestInvoker$MethodInvocationAgent.invoke(TestInvoker.java:824)
	at org.testng.internal.TestInvoker.invokeTestMethods(TestInvoker.java:146)
	at org.testng.internal.TestMethodWorker.invokeTestMethods(TestMethodWorker.java:146)
	at org.testng.internal.TestMethodWorker.run(TestMethodWorker.java:128)
	at java.util.concurrent.ThreadPoolExecutor.runWorker(Unknown Source)
	at java.util.concurrent.ThreadPoolExecutor$Worker.run(Unknown Source)
	at java.lang.Thread.run(Unknown Source)
</pre></div></td>
<td>1</td>
<td>com.livetest.LoginPageTest@1bf57b3</td></tr>
</table><p>
<table width='100%' border='1' class='invocation-passed'>
<tr><td colspan='4' align='center'><b>PASSED TESTS</b></td></tr>
<tr><td><b>Test method</b></td>
<td width="30%"><b>Exception</b></td>
<td width="10%"><b>Time (seconds)</b></td>
<td><b>Instance</b></td>
</tr>
<tr>
<td title='com.livetest.LoginPageTest.LogoPageloginTest()'><b>LogoPageloginTest</b><br>Test class: com.livetest.LoginPageTest<br>Parameters:  , UmYgepY, Username blank</td>
<td></td>
<td>5</td>
<td>com.livetest.LoginPageTest@1bf57b3</td></tr>
<tr>
<td title='com.livetest.HomePageTest.sample()'><b>sample</b><br>Test class: com.livetest.HomePageTest</td>
<td></td>
<td>0</td>
<td>com.livetest.HomePageTest@d7259e</td></tr>
<tr>
<td title='com.livetest.LoginPageTest.LogoPageloginTest()'><b>LogoPageloginTest</b><br>Test class: com.livetest.LoginPageTest<br>Parameters: btnLogin, btnLogin, Both wrong</td>
<td></td>
<td>7</td>
<td>com.livetest.LoginPageTest@1bf57b3</td></tr>
<tr>
<td title='com.livetest.LoginPageTest.LogoPageloginTest()'><b>LogoPageloginTest</b><br>Test class: com.livetest.LoginPageTest<br>Parameters:  ,  , Both blank</td>
<td></td>
<td>6</td>
<td>com.livetest.LoginPageTest@1bf57b3</td></tr>
<tr>
<td title='com.livetest.LoginPageTest.LogoPageloginTest()'><b>LogoPageloginTest</b><br>Test class: com.livetest.LoginPageTest<br>Parameters: btnLogin, UmYgepY, Passwordcorrect</td>
<td></td>
<td>8</td>
<td>com.livetest.LoginPageTest@1bf57b3</td></tr>
<tr>
<td title='com.livetest.LoginPageTest.LogoPageloginTest()'><b>LogoPageloginTest</b><br>Test class: com.livetest.LoginPageTest<br>Parameters: mngr381722,  , Password blank</td>
<td></td>
<td>5</td>
<td>com.livetest.LoginPageTest@1bf57b3</td></tr>
<tr>
<td title='com.livetest.LoginPageTest.LogoPageloginTest()'><b>LogoPageloginTest</b><br>Test class: com.livetest.LoginPageTest<br>Parameters: mngr381722, btnLogin, Usernamecorrect</td>
<td></td>
<td>7</td>
<td>com.livetest.LoginPageTest@1bf57b3</td></tr>
</table><p>
</body>
</html>