<?xml version="1.0" encoding="UTF-8"?>
<!-- Generated by org.testng.reporters.JUnitXMLReporter -->
<testsuite hostname="Windows10-PC" ignored="0" name="Test" tests="9" failures="2" timestamp="2022-01-22T21:13:32 IST" time="93.239" errors="0">
  <testcase name="sample" time="0.192" classname="com.livetest.HomePageTest"/>
  <testcase name="LogoPagelogoTest" time="1.975" classname="com.livetest.LoginPageTest">
    <failure type="java.lang.AssertionError" message="expected [false] but found [true]">
      <![CDATA[java.lang.AssertionError: expected [false] but found [true]
at com.livetest.LoginPageTest.LogoPagelogoTest(LoginPageTest.java:57)
at java.util.concurrent.ThreadPoolExecutor.runWorker(Unknown Source)
at java.util.concurrent.ThreadPoolExecutor$Worker.run(Unknown Source)
at java.lang.Thread.run(Unknown Source)
... Removed 16 stack frames]]>
    </failure>
  </testcase> <!-- LogoPagelogoTest -->
  <testcase name="LogoPageloginTest" time="8.892" classname="com.livetest.LoginPageTest"/>
  <testcase name="LogoPageloginTest" time="7.261" classname="com.livetest.LoginPageTest"/>
  <testcase name="LogoPageloginTest" time="7.39" classname="com.livetest.LoginPageTest"/>
  <testcase name="LogoPageloginTest" time="5.106" classname="com.livetest.LoginPageTest"/>
  <testcase name="LogoPageloginTest" time="5.052" classname="com.livetest.LoginPageTest"/>
  <testcase name="LogoPageloginTest" time="6.146" classname="com.livetest.LoginPageTest"/>
  <testcase name="LogoPageloginTest" time="10.216" classname="com.livetest.LoginPageTest">
    <failure type="java.lang.AssertionError" message="did not expect [Guru99 Bank Manager HomePage] but found [Guru99 Bank Manager HomePage]">
      <![CDATA[java.lang.AssertionError: did not expect [Guru99 Bank Manager HomePage] but found [Guru99 Bank Manager HomePage]
at com.livetest.LoginPageTest.LogoPageloginTest(LoginPageTest.java:72)
at java.util.concurrent.ThreadPoolExecutor.runWorker(Unknown Source)
at java.util.concurrent.ThreadPoolExecutor$Worker.run(Unknown Source)
at java.lang.Thread.run(Unknown Source)
... Removed 17 stack frames]]>
    </failure>
  </testcase> <!-- LogoPageloginTest -->
</testsuite> <!-- Test -->
